This is pdfTeX, Version 3.14159265-2.6-1.40.16 (TeX Live 2015) (preloaded format=pdflatex 2015.12.12)  10 FEB 2016 15:58
entering extended mode
 restricted \write18 enabled.
 file:line:error style messages enabled.
 %&-line parsing enabled.
**hw1.tex
(./hw1.tex
LaTeX2e <2015/01/01>
Babel <3.9l> and hyphenation patterns for 21 languages loaded.
(/usr/local/texlive/2015basic/texmf-dist/tex/latex/base/article.cls
Document Class: article 2014/09/29 v1.4h Standard LaTeX document class
(/usr/local/texlive/2015basic/texmf-dist/tex/latex/base/size10.clo
File: size10.clo 2014/09/29 v1.4h Standard LaTeX file (size option)
)
\c@part=\count79
\c@section=\count80
\c@subsection=\count81
\c@subsubsection=\count82
\c@paragraph=\count83
\c@subparagraph=\count84
\c@figure=\count85
\c@table=\count86
\abovecaptionskip=\skip41
\belowcaptionskip=\skip42
\bibindent=\dimen102
)
(/usr/local/texlive/2015basic/texmf-dist/tex/latex/listings/listings.sty
(/usr/local/texlive/2015basic/texmf-dist/tex/latex/graphics/keyval.sty
Package: keyval 2014/10/28 v1.15 key=value parser (DPC)
\KV@toks@=\toks14
)
\lst@mode=\count87
\lst@gtempboxa=\box26
\lst@token=\toks15
\lst@length=\count88
\lst@currlwidth=\dimen103
\lst@column=\count89
\lst@pos=\count90
\lst@lostspace=\dimen104
\lst@width=\dimen105
\lst@newlines=\count91
\lst@lineno=\count92
\lst@maxwidth=\dimen106

(/usr/local/texlive/2015basic/texmf-dist/tex/latex/listings/lstmisc.sty
File: lstmisc.sty 2014/09/06 1.5e (Carsten Heinz)
\c@lstnumber=\count93
\lst@skipnumbers=\count94
\lst@framebox=\box27
)
(/usr/local/texlive/2015basic/texmf-dist/tex/latex/listings/listings.cfg
File: listings.cfg 2014/09/06 1.5e listings configuration
))
Package: listings 2014/09/06 1.5e (Carsten Heinz)

(/usr/local/texlive/2015basic/texmf-dist/tex/latex/graphics/graphicx.sty
Package: graphicx 2014/10/28 v1.0g Enhanced LaTeX Graphics (DPC,SPQR)

(/usr/local/texlive/2015basic/texmf-dist/tex/latex/graphics/graphics.sty
Package: graphics 2014/10/28 v1.0p Standard LaTeX Graphics (DPC,SPQR)

(/usr/local/texlive/2015basic/texmf-dist/tex/latex/graphics/trig.sty
Package: trig 1999/03/16 v1.09 sin cos tan (DPC)
)
(/usr/local/texlive/2015basic/texmf-dist/tex/latex/latexconfig/graphics.cfg
File: graphics.cfg 2010/04/23 v1.9 graphics configuration of TeX Live
)
Package graphics Info: Driver file: pdftex.def on input line 94.

(/usr/local/texlive/2015basic/texmf-dist/tex/latex/pdftex-def/pdftex.def
File: pdftex.def 2011/05/27 v0.06d Graphics/color for pdfTeX

(/usr/local/texlive/2015basic/texmf-dist/tex/generic/oberdiek/infwarerr.sty
Package: infwarerr 2010/04/08 v1.3 Providing info/warning/error messages (HO)
)
(/usr/local/texlive/2015basic/texmf-dist/tex/generic/oberdiek/ltxcmds.sty
Package: ltxcmds 2011/11/09 v1.22 LaTeX kernel commands for general use (HO)
)
\Gread@gobject=\count95
))
\Gin@req@height=\dimen107
\Gin@req@width=\dimen108
)
(/usr/local/texlive/2015basic/texmf-dist/tex/latex/caption/caption.sty
Package: caption 2013/05/02 v3.3-89 Customizing captions (AR)

(/usr/local/texlive/2015basic/texmf-dist/tex/latex/caption/caption3.sty
Package: caption3 2013/05/02 v1.6-88 caption3 kernel (AR)
Package caption3 Info: TeX engine: e-TeX on input line 57.
\captionmargin=\dimen109
\captionmargin@=\dimen110
\captionwidth=\dimen111
\caption@tempdima=\dimen112
\caption@indent=\dimen113
\caption@parindent=\dimen114
\caption@hangindent=\dimen115
)
\c@ContinuedFloat=\count96
Package caption Info: listings package is loaded.
)
(/usr/local/texlive/2015basic/texmf-dist/tex/latex/caption/subcaption.sty
Package: subcaption 2013/02/03 v1.1-62 Sub-captions (AR)
\c@subfigure=\count97
\c@subtable=\count98
)
(./hw1.aux

LaTeX Warning: Label `fig:f2' multiply defined.


LaTeX Warning: Label `sub@fig:f2' multiply defined.


LaTeX Warning: Label `fig:f1' multiply defined.


LaTeX Warning: Label `sub@fig:f1' multiply defined.


LaTeX Warning: Label `fig:f2' multiply defined.


LaTeX Warning: Label `sub@fig:f2' multiply defined.


LaTeX Warning: Label `fig:f2' multiply defined.


LaTeX Warning: Label `sub@fig:f2' multiply defined.


LaTeX Warning: Label `fig:f1' multiply defined.


LaTeX Warning: Label `sub@fig:f1' multiply defined.


LaTeX Warning: Label `fig:f2' multiply defined.


LaTeX Warning: Label `sub@fig:f2' multiply defined.


LaTeX Warning: Label `fig:f2' multiply defined.


LaTeX Warning: Label `sub@fig:f2' multiply defined.


LaTeX Warning: Label `fig:f1' multiply defined.


LaTeX Warning: Label `sub@fig:f1' multiply defined.


LaTeX Warning: Label `fig:f2' multiply defined.


LaTeX Warning: Label `sub@fig:f2' multiply defined.


LaTeX Warning: Label `fig:f2' multiply defined.


LaTeX Warning: Label `sub@fig:f2' multiply defined.


LaTeX Warning: Label `fig:f1' multiply defined.


LaTeX Warning: Label `sub@fig:f1' multiply defined.


LaTeX Warning: Label `fig:f2' multiply defined.


LaTeX Warning: Label `sub@fig:f2' multiply defined.


LaTeX Warning: Label `fig:f2' multiply defined.


LaTeX Warning: Label `sub@fig:f2' multiply defined.

)
\openout1 = `hw1.aux'.

LaTeX Font Info:    Checking defaults for OML/cmm/m/it on input line 10.
LaTeX Font Info:    ... okay on input line 10.
LaTeX Font Info:    Checking defaults for T1/cmr/m/n on input line 10.
LaTeX Font Info:    ... okay on input line 10.
LaTeX Font Info:    Checking defaults for OT1/cmr/m/n on input line 10.
LaTeX Font Info:    ... okay on input line 10.
LaTeX Font Info:    Checking defaults for OMS/cmsy/m/n on input line 10.
LaTeX Font Info:    ... okay on input line 10.
LaTeX Font Info:    Checking defaults for OMX/cmex/m/n on input line 10.
LaTeX Font Info:    ... okay on input line 10.
LaTeX Font Info:    Checking defaults for U/cmr/m/n on input line 10.
LaTeX Font Info:    ... okay on input line 10.
\c@lstlisting=\count99
 (/usr/local/texlive/2015basic/texmf-dist/tex/context/base/supp-pdf.mkii
[Loading MPS to PDF converter (version 2006.09.02).]
\scratchcounter=\count100
\scratchdimen=\dimen116
\scratchbox=\box28
\nofMPsegments=\count101
\nofMParguments=\count102
\everyMPshowfont=\toks16
\MPscratchCnt=\count103
\MPscratchDim=\dimen117
\MPnumerator=\count104
\makeMPintoPDFobject=\count105
\everyMPtoPDFconversion=\toks17
) (/usr/local/texlive/2015basic/texmf-dist/tex/generic/oberdiek/pdftexcmds.sty
Package: pdftexcmds 2011/11/29 v0.20 Utility functions of pdfTeX for LuaTeX (HO
)

(/usr/local/texlive/2015basic/texmf-dist/tex/generic/oberdiek/ifluatex.sty
Package: ifluatex 2010/03/01 v1.3 Provides the ifluatex switch (HO)
Package ifluatex Info: LuaTeX not detected.
)
(/usr/local/texlive/2015basic/texmf-dist/tex/generic/oberdiek/ifpdf.sty
Package: ifpdf 2011/01/30 v2.3 Provides the ifpdf switch (HO)
Package ifpdf Info: pdfTeX in PDF mode is detected.
)
Package pdftexcmds Info: LuaTeX not detected.
Package pdftexcmds Info: \pdf@primitive is available.
Package pdftexcmds Info: \pdf@ifprimitive is available.
Package pdftexcmds Info: \pdfdraftmode found.
)
(/usr/local/texlive/2015basic/texmf-dist/tex/latex/oberdiek/epstopdf-base.sty
Package: epstopdf-base 2010/02/09 v2.5 Base part for package epstopdf

(/usr/local/texlive/2015basic/texmf-dist/tex/latex/oberdiek/grfext.sty
Package: grfext 2010/08/19 v1.1 Manage graphics extensions (HO)

(/usr/local/texlive/2015basic/texmf-dist/tex/generic/oberdiek/kvdefinekeys.sty
Package: kvdefinekeys 2011/04/07 v1.3 Define keys (HO)
)) (/usr/local/texlive/2015basic/texmf-dist/tex/latex/oberdiek/kvoptions.sty
Package: kvoptions 2011/06/30 v3.11 Key value format for package options (HO)

(/usr/local/texlive/2015basic/texmf-dist/tex/generic/oberdiek/kvsetkeys.sty
Package: kvsetkeys 2012/04/25 v1.16 Key value parser (HO)

(/usr/local/texlive/2015basic/texmf-dist/tex/generic/oberdiek/etexcmds.sty
Package: etexcmds 2011/02/16 v1.5 Avoid name clashes with e-TeX commands (HO)
Package etexcmds Info: Could not find \expanded.
(etexcmds)             That can mean that you are not using pdfTeX 1.50 or
(etexcmds)             that some package has redefined \expanded.
(etexcmds)             In the latter case, load this package earlier.
)))
Package grfext Info: Graphics extension search list:
(grfext)             [.png,.jpeg,.eps]
(grfext)             \AppendGraphicsExtensions on input line 452.

(/usr/local/texlive/2015basic/texmf-dist/tex/latex/latexconfig/epstopdf-sys.cfg
File: epstopdf-sys.cfg 2010/07/13 v1.3 Configuration of (r)epstopdf for TeX Liv
e
))
Package caption Info: Begin \AtBeginDocument code.
Package caption Info: End \AtBeginDocument code.
LaTeX Font Info:    External font `cmex10' loaded for size
(Font)              <7> on input line 20.
LaTeX Font Info:    External font `cmex10' loaded for size
(Font)              <5> on input line 20.
 <redsig1.png, id=1, 322.20375pt x 482.80376pt>
File: redsig1.png Graphic file (type png)
 <use redsig1.png>
Package pdftex.def Info: redsig1.png used on input line 25.
(pdftex.def)             Requested size: 87.97652pt x 131.82478pt.
LaTeX Font Info:    External font `cmex10' loaded for size
(Font)              <9> on input line 26.
LaTeX Font Info:    External font `cmex10' loaded for size
(Font)              <6> on input line 26.

<redsig2.png, id=2, 322.20375pt x 482.80376pt>
File: redsig2.png Graphic file (type png)
 <use redsig2.png>
Package pdftex.def Info: redsig2.png used on input line 32.
(pdftex.def)             Requested size: 87.97652pt x 131.82478pt.

<redsig5.png, id=3, 322.20375pt x 482.80376pt>
File: redsig5.png Graphic file (type png)
 <use redsig5.png>
Package pdftex.def Info: redsig5.png used on input line 39.
(pdftex.def)             Requested size: 87.97652pt x 131.82478pt.

<planesig1.png, id=4, 482.80376pt x 322.20375pt>
File: planesig1.png Graphic file (type png)
 <use planesig1.png>
Package pdftex.def Info: planesig1.png used on input line 48.
(pdftex.def)             Requested size: 103.50105pt x 69.07088pt.

<planesig4.png, id=5, 482.80376pt x 322.20375pt>
File: planesig4.png Graphic file (type png)
 <use planesig4.png>
Package pdftex.def Info: planesig4.png used on input line 54.
(pdftex.def)             Requested size: 103.50105pt x 69.07088pt.

<planesig7.png, id=6, 482.80376pt x 322.20375pt>
File: planesig7.png Graphic file (type png)
 <use planesig7.png>
Package pdftex.def Info: planesig7.png used on input line 60.
(pdftex.def)             Requested size: 103.50105pt x 69.07088pt.

<kangsig1.png, id=7, 482.80376pt x 322.20375pt>
File: kangsig1.png Graphic file (type png)
 <use kangsig1.png>
Package pdftex.def Info: kangsig1.png used on input line 69.
(pdftex.def)             Requested size: 103.50105pt x 69.07088pt.

<kangsig2.png, id=8, 482.80376pt x 322.20375pt>
File: kangsig2.png Graphic file (type png)
 <use kangsig2.png>
Package pdftex.def Info: kangsig2.png used on input line 75.
(pdftex.def)             Requested size: 103.50105pt x 69.07088pt.

<kangsig3.png, id=9, 482.80376pt x 322.20375pt>
File: kangsig3.png Graphic file (type png)
 <use kangsig3.png>
Package pdftex.def Info: kangsig3.png used on input line 81.
(pdftex.def)             Requested size: 103.50105pt x 69.07088pt.
 [1

{/usr/local/texlive/2015basic/texmf-var/fonts/map/pdftex/updmap/pdftex.map} <./
redsig1.png (PNG copy)> <./redsig2.png (PNG copy)> <./redsig5.png (PNG copy)> <
./planesig1.png (PNG copy)> <./planesig4.png (PNG copy)> <./planesig7.png (PNG 
copy)> <./kangsig1.png (PNG copy)> <./kangsig2.png (PNG copy)> <./kangsig3.png 
(PNG copy)>] <kangsobel.png, id=22, 482.80376pt x 322.20375pt>
File: kangsobel.png Graphic file (type png)
 <use kangsobel.png>
Package pdftex.def Info: kangsobel.png used on input line 96.
(pdftex.def)             Requested size: 207.0021pt x 138.14175pt.

<redsobel.png, id=23, 322.20375pt x 482.80376pt>
File: redsobel.png Graphic file (type png)
 <use redsobel.png>
Package pdftex.def Info: redsobel.png used on input line 102.
(pdftex.def)             Requested size: 137.9979pt x 206.7912pt.

Overfull \hbox (2.22221pt too wide) in paragraph at lines 95--107
[]$[]$  $[]$
 []


Underfull \hbox (badness 10000) in paragraph at lines 95--107

 []

<planesobel.png, id=24, 482.80376pt x 322.20375pt>
File: planesobel.png Graphic file (type png)
 <use planesobel.png>
Package pdftex.def Info: planesobel.png used on input line 110.
(pdftex.def)             Requested size: 241.49895pt x 161.16539pt.

<kangnonmax.png, id=25, 482.80376pt x 322.20375pt>
File: kangnonmax.png Graphic file (type png)
 <use kangnonmax.png>
Package pdftex.def Info: kangnonmax.png used on input line 126.
(pdftex.def)             Requested size: 207.0021pt x 138.14175pt.

<rednonmax.png, id=26, 322.20375pt x 482.80376pt>
File: rednonmax.png Graphic file (type png)
 <use rednonmax.png>
Package pdftex.def Info: rednonmax.png used on input line 132.
(pdftex.def)             Requested size: 137.9979pt x 206.7912pt.

Overfull \hbox (2.22221pt too wide) in paragraph at lines 125--137
[]$[]$  $[]$
 []


Underfull \hbox (badness 10000) in paragraph at lines 125--137

 []

<planenonmax.png, id=27, 482.80376pt x 322.20375pt>
File: planenonmax.png Graphic file (type png)
 <use planenonmax.png>
Package pdftex.def Info: planenonmax.png used on input line 140.
(pdftex.def)             Requested size: 241.49895pt x 161.16539pt.

[2 <./kangsobel.png (PNG copy)> <./redsobel.png (PNG copy)> <./planesobel.png (
PNG copy)>]
(/usr/local/texlive/2015basic/texmf-dist/tex/latex/listings/lstlang1.sty
File: lstlang1.sty 2014/09/06 1.5e listings language file
)
[3 <./kangnonmax.png (PNG copy)> <./rednonmax.png (PNG copy)> <./planenonmax.pn
g (PNG copy)>]
Overfull \hbox (15.00366pt too wide) in paragraph at lines 177--179
[][][][][][][][][][][][][][][][][][][][] 
 []

LaTeX Font Info:    Try loading font information for OMS+cmr on input line 191.

(/usr/local/texlive/2015basic/texmf-dist/tex/latex/base/omscmr.fd
File: omscmr.fd 2014/09/29 v2.5h Standard LaTeX font definitions
)
LaTeX Font Info:    Font shape `OMS/cmr/m/n' in size <10> not available
(Font)              Font shape `OMS/cmsy/m/n' tried instead on input line 191.

Overfull \hbox (45.00397pt too wide) in paragraph at lines 193--194
[][][][][][][][][][][][][][][][][][][][][][][] 
 []


Overfull \hbox (117.0047pt too wide) in paragraph at lines 194--195
[][][][][][][][][][][][][][][][][][][][][][][][][][][][][][][][][][][][] 
 []

LaTeX Font Info:    Try loading font information for OML+cmr on input line 212.

(/usr/local/texlive/2015basic/texmf-dist/tex/latex/base/omlcmr.fd
File: omlcmr.fd 2014/09/29 v2.5h Standard LaTeX font definitions
)
LaTeX Font Info:    Font shape `OML/cmr/m/n' in size <10> not available
(Font)              Font shape `OML/cmm/m/it' tried instead on input line 212.

Overfull \hbox (9.0036pt too wide) in paragraph at lines 212--214
[][][][][][][][][][][][][][][][][][][][][][][] 
 []

[4]
Overfull \hbox (45.00397pt too wide) in paragraph at lines 225--227
[][][][][][][][][][][][][][][][][][][][][][][][][][][][][][][][] 
 []


Overfull \hbox (27.00378pt too wide) in paragraph at lines 229--230
[][][][][][][][][][][][][][][][][][][][][][][][][][][][][][][][][][][][][] 
 []


Overfull \hbox (45.00397pt too wide) in paragraph at lines 246--247
[][][][][][][][][][][][][][][][][][][][][][][][][][][][][][][][][][] 
 []


Overfull \hbox (63.00415pt too wide) in paragraph at lines 249--250
[][][][][][][][][][][][][][][][][][][][][][][][][][][][][][][][][][] 
 []


Overfull \hbox (63.00415pt too wide) in paragraph at lines 252--253
[][][][][][][][][][][][][][][][][][][][][][][][][][][][][][][][][][] 
 []


Overfull \hbox (81.00433pt too wide) in paragraph at lines 255--256
[][][][][][][][][][][][][][][][][][][][][][][][][][][][][][][][][][] 
 []


Overfull \hbox (39.0039pt too wide) in paragraph at lines 262--263
[][][][][][][][][][][][][][][][][][][][][][][][][][][][][][][][][][][][] 
 []

[5] [6] (./hw1.aux)

LaTeX Warning: There were multiply-defined labels.

 ) 
Here is how much of TeX's memory you used:
 4519 strings out of 494501
 68214 string characters out of 6167029
 171772 words of memory out of 5000000
 7765 multiletter control sequences out of 15000+600000
 7324 words of font info for 26 fonts, out of 8000000 for 9000
 319 hyphenation exceptions out of 8191
 38i,7n,42p,235b,2000s stack positions out of 5000i,500n,10000p,200000b,80000s
</usr/local/texlive/2015basic/texmf-dist/fonts/type1/public/amsfonts/cm/cmbx1
0.pfb></usr/local/texlive/2015basic/texmf-dist/fonts/type1/public/amsfonts/cm/c
mbx12.pfb></usr/local/texlive/2015basic/texmf-dist/fonts/type1/public/amsfonts/
cm/cmcsc10.pfb></usr/local/texlive/2015basic/texmf-dist/fonts/type1/public/amsf
onts/cm/cmmi10.pfb></usr/local/texlive/2015basic/texmf-dist/fonts/type1/public/
amsfonts/cm/cmmi9.pfb></usr/local/texlive/2015basic/texmf-dist/fonts/type1/publ
ic/amsfonts/cm/cmr10.pfb></usr/local/texlive/2015basic/texmf-dist/fonts/type1/p
ublic/amsfonts/cm/cmr9.pfb></usr/local/texlive/2015basic/texmf-dist/fonts/type1
/public/amsfonts/cm/cmsy10.pfb></usr/local/texlive/2015basic/texmf-dist/fonts/t
ype1/public/amsfonts/cm/cmti10.pfb>
Output written on hw1.pdf (6 pages, 666881 bytes).
PDF statistics:
 74 PDF objects out of 1000 (max. 8388607)
 41 compressed objects within 1 object stream
 0 named destinations out of 1000 (max. 500000)
 76 words of extra memory for PDF output out of 10000 (max. 10000000)

